<?xml version="1.0" encoding="UTF-8"?>
<!-- Generated by org.testng.reporters.JUnitXMLReporter -->
<testsuite ignored="2" hostname="LMMUMLP0200" failures="0" tests="2" name="Test" time="0.073" errors="0" timestamp="2024-01-25T10:42:06 IST">
  <testcase classname="Day7.TC001_multipleTest" name="Test3" time="0.011"/>
  <testcase classname="Day7.TC001_multipleTest" name="Test4" time="0.002"/>
  <testcase classname="Day7.TC001_multipleTest" name="Test1" time="0.0">
    <ignored/>
  </testcase> <!-- Test1 -->
  <testcase classname="Day7.TC001_multipleTest" name="Test2" time="0.0">
    <ignored/>
  </testcase> <!-- Test2 -->
</testsuite> <!-- Test -->
